2020-11-20 11:43:49.668  INFO [users-ws,,,] 13944 --- [restartedMain] c.c.c.ConfigServicePropertySourceLocator : Fetching config from server at : http://desktop-4trdetr.home:8012
2020-11-20 11:43:50.201  INFO [users-ws,,,] 13944 --- [restartedMain] c.c.c.ConfigServicePropertySourceLocator : Located environment: name=users-ws, profiles=[default], label=null, version=null, state=null
2020-11-20 11:43:50.201  INFO [users-ws,,,] 13944 --- [restartedMain] b.c.PropertySourceBootstrapConfiguration : Located property source: [BootstrapPropertySource {name='bootstrapProperties-file:///C:/Users/coldm/OneDrive/Desktop/config/dev/users-ws.properties'}, BootstrapPropertySource {name='bootstrapProperties-file:///C:/Users/coldm/OneDrive/Desktop/config/dev/application.properties'}]
2020-11-20 11:43:50.264  INFO [users-ws,,,] 13944 --- [restartedMain] c.a.p.a.u.PhotoAppApiUsersApplication    : No active profile set, falling back to default profiles: default
2020-11-20 11:43:51.681  WARN [users-ws,,,] 13944 --- [restartedMain] o.s.boot.actuate.endpoint.EndpointId     : Endpoint ID 'bus-env' contains invalid characters, please migrate to a valid format.
2020-11-20 11:43:52.002  INFO [users-ws,,,] 13944 --- [restartedMain] .s.d.r.c.RepositoryConfigurationDelegate : Bootstrapping Spring Data JPA repositories in DEFERRED mode.
2020-11-20 11:43:52.237  INFO [users-ws,,,] 13944 --- [restartedMain] .s.d.r.c.RepositoryConfigurationDelegate : Finished Spring Data repository scanning in 226ms. Found 1 JPA repository interfaces.
2020-11-20 11:43:52.346  WARN [users-ws,,,] 13944 --- [restartedMain] o.s.boot.actuate.endpoint.EndpointId     : Endpoint ID 'bus-refresh' contains invalid characters, please migrate to a valid format.
2020-11-20 11:43:52.471  WARN [users-ws,,,] 13944 --- [restartedMain] o.s.boot.actuate.endpoint.EndpointId     : Endpoint ID 'service-registry' contains invalid characters, please migrate to a valid format.
2020-11-20 11:43:52.643  WARN [users-ws,,,] 13944 --- [restartedMain] o.s.boot.actuate.endpoint.EndpointId     : Endpoint ID 'hystrix.stream' contains invalid characters, please migrate to a valid format.
2020-11-20 11:43:53.065  INFO [users-ws,,,] 13944 --- [restartedMain] o.s.cloud.context.scope.GenericScope     : BeanFactory id=4ff7a77d-5019-396d-bc0f-9e118d17e23c
2020-11-20 11:43:53.116  INFO [users-ws,,,] 13944 --- [restartedMain] faultConfiguringBeanFactoryPostProcessor : No bean named 'errorChannel' has been explicitly defined. Therefore, a default PublishSubscribeChannel will be created.
2020-11-20 11:43:53.116  INFO [users-ws,,,] 13944 --- [restartedMain] faultConfiguringBeanFactoryPostProcessor : No bean named 'taskScheduler' has been explicitly defined. Therefore, a default ThreadPoolTaskScheduler will be created.
2020-11-20 11:43:53.132  INFO [users-ws,,,] 13944 --- [restartedMain] faultConfiguringBeanFactoryPostProcessor : No bean named 'integrationHeaderChannelRegistry' has been explicitly defined. Therefore, a default DefaultHeaderChannelRegistry will be created.
2020-11-20 11:43:53.600  INFO [users-ws,,,] 13944 --- [restartedMain] trationDelegate$BeanPostProcessorChecker : Bean 'integrationChannelResolver' of type [org.springframework.integration.support.channel.BeanFactoryChannelResolver] is not eligible for getting processed by all BeanPostProcessors (for example: not eligible for auto-proxying)
2020-11-20 11:43:53.600  INFO [users-ws,,,] 13944 --- [restartedMain] trationDelegate$BeanPostProcessorChecker : Bean 'integrationDisposableAutoCreatedBeans' of type [org.springframework.integration.config.annotation.Disposables] is not eligible for getting processed by all BeanPostProcessors (for example: not eligible for auto-proxying)
2020-11-20 11:43:53.679  INFO [users-ws,,,] 13944 --- [restartedMain] trationDelegate$BeanPostProcessorChecker : Bean 'org.springframework.integration.config.IntegrationManagementConfiguration' of type [org.springframework.integration.config.IntegrationManagementConfiguration] is not eligible for getting processed by all BeanPostProcessors (for example: not eligible for auto-proxying)
2020-11-20 11:43:54.835  INFO [users-ws,,,] 13944 --- [restartedMain] o.s.b.w.embedded.tomcat.TomcatWebServer  : Tomcat initialized with port(s): 0 (http)
2020-11-20 11:43:54.839  INFO [users-ws,,,] 13944 --- [restartedMain] o.apache.catalina.core.StandardService   : Starting service [Tomcat]
2020-11-20 11:43:54.839  INFO [users-ws,,,] 13944 --- [restartedMain] org.apache.catalina.core.StandardEngine  : Starting Servlet engine: [Apache Tomcat/9.0.39]
2020-11-20 11:43:55.073  INFO [users-ws,,,] 13944 --- [restartedMain] o.a.c.c.C.[Tomcat].[localhost].[/]       : Initializing Spring embedded WebApplicationContext
2020-11-20 11:43:55.073  INFO [users-ws,,,] 13944 --- [restartedMain] w.s.c.ServletWebServerApplicationContext : Root WebApplicationContext: initialization completed in 4757 ms
2020-11-20 11:43:55.339  WARN [users-ws,,,] 13944 --- [restartedMain] c.n.c.sources.URLConfigurationSource     : No URLs will be polled as dynamic configuration sources.
2020-11-20 11:43:55.339  INFO [users-ws,,,] 13944 --- [restartedMain] c.n.c.sources.URLConfigurationSource     : To enable URLs as dynamic configuration sources, define System property archaius.configurationSource.additionalUrls or make config.properties available on classpath.
2020-11-20 11:43:55.354  INFO [users-ws,,,] 13944 --- [restartedMain] c.netflix.config.DynamicPropertyFactory  : DynamicPropertyFactory is initialized with configuration sources: com.netflix.config.ConcurrentCompositeConfiguration@4e5cdd11
2020-11-20 11:43:55.511  INFO [users-ws,,,] 13944 --- [restartedMain] com.zaxxer.hikari.HikariDataSource       : HikariPool-1 - Starting...
2020-11-20 11:43:55.732  INFO [users-ws,,,] 13944 --- [restartedMain] com.zaxxer.hikari.HikariDataSource       : HikariPool-1 - Start completed.
2020-11-20 11:43:55.732  INFO [users-ws,,,] 13944 --- [restartedMain] o.s.b.a.h2.H2ConsoleAutoConfiguration    : H2 console available at '/h2-console'. Database available at 'jdbc:mysql://localhost:3306/photo_app_micro?allowPublicKeyRetrieval=true&useSSL=false&useUnicode=true&useJDBCCompliantTimezoneShift=true&useLegacyDatetimeCode=false&serverTimezone=UTC'
2020-11-20 11:43:56.967  WARN [users-ws,,,] 13944 --- [restartedMain] o.s.c.s.zipkin2.ZipkinAutoConfiguration  : Check result of the [RestTemplateSender{http://localhost:9411/api/v2/spans}] contains an error [CheckResult{ok=false, error=org.springframework.web.client.ResourceAccessException: I/O error on POST request for "http://localhost:9411/api/v2/spans": Connect timed out; nested exception is java.net.SocketTimeoutException: Connect timed out}]
2020-11-20 11:43:57.471  INFO [users-ws,,,] 13944 --- [restartedMain] o.s.s.concurrent.ThreadPoolTaskExecutor  : Initializing ExecutorService 'applicationTaskExecutor'
2020-11-20 11:43:57.627  INFO [users-ws,,,] 13944 --- [restartedMain] o.s.s.c.ThreadPoolTaskScheduler          : Initializing ExecutorService 'taskScheduler'
2020-11-20 11:43:57.705  INFO [users-ws,,,] 13944 --- [task-1] o.hibernate.jpa.internal.util.LogHelper  : HHH000204: Processing PersistenceUnitInfo [name: default]
2020-11-20 11:43:57.830  INFO [users-ws,,,] 13944 --- [task-1] org.hibernate.Version                    : HHH000412: Hibernate ORM core version 5.4.22.Final
2020-11-20 11:43:57.955  WARN [users-ws,,,] 13944 --- [restartedMain] JpaBaseConfiguration$JpaWebConfiguration : spring.jpa.open-in-view is enabled by default. Therefore, database queries may be performed during view rendering. Explicitly configure spring.jpa.open-in-view to disable this warning
2020-11-20 11:43:58.049  INFO [users-ws,,,] 13944 --- [task-1] o.hibernate.annotations.common.Version   : HCANN000001: Hibernate Commons Annotations {5.1.0.Final}
2020-11-20 11:43:58.285  WARN [users-ws,,,] 13944 --- [restartedMain] o.s.b.d.a.OptionalLiveReloadServer       : Unable to start LiveReload server
2020-11-20 11:43:58.332  INFO [users-ws,,,] 13944 --- [task-1] org.hibernate.dialect.Dialect            : HHH000400: Using dialect: org.hibernate.dialect.MySQL8Dialect
2020-11-20 11:43:58.363  INFO [users-ws,,,] 13944 --- [restartedMain] DeferredRepositoryInitializationListener : Triggering deferred initialization of Spring Data repositories…
2020-11-20 11:43:59.269  INFO [users-ws,,,] 13944 --- [task-1] o.h.e.t.j.p.i.JtaPlatformInitiator       : HHH000490: Using JtaPlatform implementation: [org.hibernate.engine.transaction.jta.platform.internal.NoJtaPlatform]
2020-11-20 11:43:59.281  INFO [users-ws,,,] 13944 --- [task-1] j.LocalContainerEntityManagerFactoryBean : Initialized JPA EntityManagerFactory for persistence unit 'default'
2020-11-20 11:43:59.640  INFO [users-ws,,,] 13944 --- [restartedMain] DeferredRepositoryInitializationListener : Spring Data repositories initialized!
2020-11-20 11:44:00.125  INFO [users-ws,,,] 13944 --- [restartedMain] o.s.s.web.DefaultSecurityFilterChain     : Creating filter chain: any request, [org.springframework.security.web.context.request.async.WebAsyncManagerIntegrationFilter@14cb1880, org.springframework.security.web.context.SecurityContextPersistenceFilter@74ce7aaf, org.springframework.security.web.header.HeaderWriterFilter@1369f177, org.springframework.security.web.authentication.logout.LogoutFilter@7c436296, com.appdeveloperblog.photoapp.api.users.security.AuthenticationFilter@4dd525b, org.springframework.security.web.savedrequest.RequestCacheAwareFilter@4fa747f0, org.springframework.security.web.servletapi.SecurityContextHolderAwareRequestFilter@13a48739, org.springframework.security.web.authentication.AnonymousAuthenticationFilter@5a421b53, org.springframework.security.web.session.SessionManagementFilter@4e41fe4b, org.springframework.security.web.access.ExceptionTranslationFilter@51be51c4, org.springframework.security.web.access.intercept.FilterSecurityInterceptor@355924c6]
2020-11-20 11:44:00.218  WARN [users-ws,,,] 13944 --- [restartedMain] c.n.c.sources.URLConfigurationSource     : No URLs will be polled as dynamic configuration sources.
2020-11-20 11:44:00.218  INFO [users-ws,,,] 13944 --- [restartedMain] c.n.c.sources.URLConfigurationSource     : To enable URLs as dynamic configuration sources, define System property archaius.configurationSource.additionalUrls or make config.properties available on classpath.
2020-11-20 11:44:01.640  INFO [users-ws,,,] 13944 --- [restartedMain] onConfiguration$FunctionBindingRegistrar : Functional binding is disabled due to the presense of @EnableBinding annotation in your configuration
2020-11-20 11:44:02.046  INFO [users-ws,,,] 13944 --- [restartedMain] DiscoveryClientOptionalArgsConfiguration : Eureka HTTP Client uses Jersey
2020-11-20 11:44:02.890  WARN [users-ws,,,] 13944 --- [restartedMain] ockingLoadBalancerClientRibbonWarnLogger : You already have RibbonLoadBalancerClient on your classpath. It will be used by default. As Spring Cloud Ribbon is in maintenance mode. We recommend switching to BlockingLoadBalancerClient instead. In order to use it, set the value of `spring.cloud.loadbalancer.ribbon.enabled` to `false` or remove spring-cloud-starter-netflix-ribbon from your project.
2020-11-20 11:44:03.625  INFO [users-ws,,,] 13944 --- [restartedMain] o.s.b.a.e.web.EndpointLinksResolver      : Exposing 1 endpoint(s) beneath base path '/actuator'
2020-11-20 11:44:03.844  INFO [users-ws,,,] 13944 --- [restartedMain] o.s.c.s.m.DirectWithAttributesChannel    : Channel 'application-1.springCloudBusInput' has 1 subscriber(s).
2020-11-20 11:44:03.875  INFO [users-ws,,,] 13944 --- [restartedMain] o.s.i.endpoint.EventDrivenConsumer       : Adding {logging-channel-adapter:_org.springframework.integration.errorLogger} as a subscriber to the 'errorChannel' channel
2020-11-20 11:44:03.875  INFO [users-ws,,,] 13944 --- [restartedMain] o.s.i.channel.PublishSubscribeChannel    : Channel 'application-1.errorChannel' has 1 subscriber(s).
2020-11-20 11:44:03.875  INFO [users-ws,,,] 13944 --- [restartedMain] o.s.i.endpoint.EventDrivenConsumer       : started bean '_org.springframework.integration.errorLogger'
2020-11-20 11:44:03.875  INFO [users-ws,,,] 13944 --- [restartedMain] o.s.c.s.binder.DefaultBinderFactory      : Creating binder: rabbit
2020-11-20 11:44:04.250  INFO [users-ws,,,] 13944 --- [restartedMain] c.c.c.ConfigServicePropertySourceLocator : Fetching config from server at : http://desktop-4trdetr.home:8012
2020-11-20 11:44:04.669  INFO [users-ws,,,] 13944 --- [restartedMain] c.c.c.ConfigServicePropertySourceLocator : Located environment: name=users-ws, profiles=[default], label=null, version=null, state=null
2020-11-20 11:44:04.669  INFO [users-ws,,,] 13944 --- [restartedMain] b.c.PropertySourceBootstrapConfiguration : Located property source: [BootstrapPropertySource {name='bootstrapProperties-file:///C:/Users/coldm/OneDrive/Desktop/config/dev/users-ws.properties'}, BootstrapPropertySource {name='bootstrapProperties-file:///C:/Users/coldm/OneDrive/Desktop/config/dev/application.properties'}]
2020-11-20 11:44:04.997  INFO [users-ws,,,] 13944 --- [restartedMain] DeferredRepositoryInitializationListener : Triggering deferred initialization of Spring Data repositories…
2020-11-20 11:44:04.997  INFO [users-ws,,,] 13944 --- [restartedMain] DeferredRepositoryInitializationListener : Spring Data repositories initialized!
2020-11-20 11:44:05.075  INFO [users-ws,,,] 13944 --- [restartedMain] o.s.c.s.binder.DefaultBinderFactory      : Caching the binder: rabbit
2020-11-20 11:44:05.075  INFO [users-ws,,,] 13944 --- [restartedMain] o.s.c.s.binder.DefaultBinderFactory      : Retrieving cached binder: rabbit
2020-11-20 11:44:05.263  INFO [users-ws,,,] 13944 --- [restartedMain] o.s.a.r.c.CachingConnectionFactory       : Attempting to connect to: [localhost:5672]
2020-11-20 11:44:05.432  INFO [users-ws,,,] 13944 --- [restartedMain] o.s.a.r.c.CachingConnectionFactory       : Created new connection: rabbitConnectionFactory#3dcb1f6a:0/SimpleConnection@cdbd3e2 [delegate=amqp://guest@127.0.0.1:5672/, localPort= 54030]
2020-11-20 11:44:05.495  INFO [users-ws,,,] 13944 --- [restartedMain] o.s.c.s.m.DirectWithAttributesChannel    : Channel 'application-1.springCloudBusOutput' has 1 subscriber(s).
2020-11-20 11:44:05.510  INFO [users-ws,,,] 13944 --- [restartedMain] o.s.c.s.binder.DefaultBinderFactory      : Retrieving cached binder: rabbit
2020-11-20 11:44:05.573  INFO [users-ws,,,] 13944 --- [restartedMain] c.s.b.r.p.RabbitExchangeQueueProvisioner : declaring queue for inbound: springCloudBus.anonymous.DsTlmubuRpqPsA2sJxGGoQ, bound to: springCloudBus
2020-11-20 11:44:05.901  INFO [users-ws,,,] 13944 --- [restartedMain] o.s.c.stream.binder.BinderErrorChannel   : Channel 'springCloudBus.anonymous.DsTlmubuRpqPsA2sJxGGoQ.errors' has 1 subscriber(s).
2020-11-20 11:44:05.901  INFO [users-ws,,,] 13944 --- [restartedMain] o.s.c.stream.binder.BinderErrorChannel   : Channel 'springCloudBus.anonymous.DsTlmubuRpqPsA2sJxGGoQ.errors' has 2 subscriber(s).
2020-11-20 11:44:05.917  INFO [users-ws,,,] 13944 --- [restartedMain] o.s.i.a.i.AmqpInboundChannelAdapter      : started bean 'inbound.springCloudBus.anonymous.DsTlmubuRpqPsA2sJxGGoQ'
2020-11-20 11:44:06.135  INFO [users-ws,,,] 13944 --- [restartedMain] o.s.b.w.embedded.tomcat.TomcatWebServer  : Tomcat started on port(s): 54031 (http) with context path ''
2020-11-20 11:44:06.135  INFO [users-ws,,,] 13944 --- [restartedMain] .s.c.n.e.s.EurekaAutoServiceRegistration : Updating port to 54031
2020-11-20 11:44:06.135  INFO [users-ws,,,] 13944 --- [restartedMain] o.s.c.n.eureka.InstanceInfoFactory       : Setting initial instance status as: STARTING
2020-11-20 11:44:06.182  INFO [users-ws,,,] 13944 --- [restartedMain] com.netflix.discovery.DiscoveryClient    : Initializing Eureka in region us-east-1
2020-11-20 11:44:06.260  INFO [users-ws,,,] 13944 --- [restartedMain] c.n.d.provider.DiscoveryJerseyProvider   : Using JSON encoding codec LegacyJacksonJson
2020-11-20 11:44:06.260  INFO [users-ws,,,] 13944 --- [restartedMain] c.n.d.provider.DiscoveryJerseyProvider   : Using JSON decoding codec LegacyJacksonJson
2020-11-20 11:44:06.401  INFO [users-ws,,,] 13944 --- [restartedMain] c.n.d.provider.DiscoveryJerseyProvider   : Using XML encoding codec XStreamXml
2020-11-20 11:44:06.401  INFO [users-ws,,,] 13944 --- [restartedMain] c.n.d.provider.DiscoveryJerseyProvider   : Using XML decoding codec XStreamXml
2020-11-20 11:44:06.649  INFO [users-ws,,,] 13944 --- [restartedMain] c.n.d.s.r.aws.ConfigClusterResolver      : Resolving eureka endpoints via configuration
2020-11-20 11:44:06.899  INFO [users-ws,,,] 13944 --- [restartedMain] com.netflix.discovery.DiscoveryClient    : Disable delta property : false
2020-11-20 11:44:06.899  INFO [users-ws,,,] 13944 --- [restartedMain] com.netflix.discovery.DiscoveryClient    : Single vip registry refresh property : null
2020-11-20 11:44:06.899  INFO [users-ws,,,] 13944 --- [restartedMain] com.netflix.discovery.DiscoveryClient    : Force full registry fetch : false
2020-11-20 11:44:06.899  INFO [users-ws,,,] 13944 --- [restartedMain] com.netflix.discovery.DiscoveryClient    : Application is null : false
2020-11-20 11:44:06.899  INFO [users-ws,,,] 13944 --- [restartedMain] com.netflix.discovery.DiscoveryClient    : Registered Applications size is zero : true
2020-11-20 11:44:06.899  INFO [users-ws,,,] 13944 --- [restartedMain] com.netflix.discovery.DiscoveryClient    : Application version is -1: true
2020-11-20 11:44:06.899  INFO [users-ws,,,] 13944 --- [restartedMain] com.netflix.discovery.DiscoveryClient    : Getting all instance registry info from the eureka server
2020-11-20 11:44:07.133  INFO [users-ws,,,] 13944 --- [restartedMain] com.netflix.discovery.DiscoveryClient    : The response status is 200
2020-11-20 11:44:07.133  INFO [users-ws,,,] 13944 --- [restartedMain] com.netflix.discovery.DiscoveryClient    : Starting heartbeat executor: renew interval is: 30
2020-11-20 11:44:07.133  INFO [users-ws,,,] 13944 --- [restartedMain] c.n.discovery.InstanceInfoReplicator     : InstanceInfoReplicator onDemand update allowed rate per min is 4
2020-11-20 11:44:07.149  INFO [users-ws,,,] 13944 --- [restartedMain] com.netflix.discovery.DiscoveryClient    : Discovery Client initialized at timestamp 1605869047149 with initial instances count: 1
2020-11-20 11:44:07.164  INFO [users-ws,,,] 13944 --- [restartedMain] o.s.c.n.e.s.EurekaServiceRegistry        : Registering application USERS-WS with eureka with status UP
2020-11-20 11:44:07.164  INFO [users-ws,,,] 13944 --- [restartedMain] com.netflix.discovery.DiscoveryClient    : Saw local status change event StatusChangeEvent [timestamp=1605869047164, current=UP, previous=STARTING]
2020-11-20 11:44:07.164  INFO [users-ws,,,] 13944 --- [DiscoveryClient-InstanceInfoReplicator-0] com.netflix.discovery.DiscoveryClient    : DiscoveryClient_USERS-WS/users-ws:19e15ea3989bc268681f8522c8813263: registering service...
2020-11-20 11:44:07.233  INFO [users-ws,,,] 13944 --- [DiscoveryClient-InstanceInfoReplicator-0] com.netflix.discovery.DiscoveryClient    : DiscoveryClient_USERS-WS/users-ws:19e15ea3989bc268681f8522c8813263 - registration status: 204
2020-11-20 11:44:07.547  INFO [users-ws,,,] 13944 --- [restartedMain] DeferredRepositoryInitializationListener : Triggering deferred initialization of Spring Data repositories…
2020-11-20 11:44:07.561  INFO [users-ws,,,] 13944 --- [restartedMain] DeferredRepositoryInitializationListener : Spring Data repositories initialized!
2020-11-20 11:44:07.608  INFO [users-ws,,,] 13944 --- [restartedMain] c.a.p.a.u.PhotoAppApiUsersApplication    : Started PhotoAppApiUsersApplication in 19.903 seconds (JVM running for 20.844)
2020-11-20 11:49:06.921  INFO [users-ws,,,] 13944 --- [AsyncResolver-bootstrap-executor-0] c.n.d.s.r.aws.ConfigClusterResolver      : Resolving eureka endpoints via configuration
2020-11-20 11:50:55.398  INFO [users-ws,,,] 13944 --- [http-nio-auto-1-exec-1] o.a.c.c.C.[Tomcat].[localhost].[/]       : Initializing Spring DispatcherServlet 'dispatcherServlet'
2020-11-20 11:50:55.398  INFO [users-ws,,,] 13944 --- [http-nio-auto-1-exec-1] o.s.web.servlet.DispatcherServlet        : Initializing Servlet 'dispatcherServlet'
2020-11-20 11:50:55.437  INFO [users-ws,,,] 13944 --- [http-nio-auto-1-exec-1] o.s.web.servlet.DispatcherServlet        : Completed initialization in 38 ms
2020-11-20 11:50:57.840  WARN [users-ws,,,] 13944 --- [AsyncReporter{RestTemplateSender{http://localhost:9411/api/v2/spans}}] z.r.AsyncReporter$BoundedAsyncReporter   : Spans were dropped due to exceptions. All subsequent errors will be logged at FINE level.
2020-11-20 11:50:57.844  WARN [users-ws,,,] 13944 --- [AsyncReporter{RestTemplateSender{http://localhost:9411/api/v2/spans}}] z.r.AsyncReporter$BoundedAsyncReporter   : Dropped 1 spans due to ResourceAccessException(I/O error on POST request for "http://localhost:9411/api/v2/spans": Connect timed out; nested exception is java.net.SocketTimeoutException: Connect timed out)

org.springframework.web.client.ResourceAccessException: I/O error on POST request for "http://localhost:9411/api/v2/spans": Connect timed out; nested exception is java.net.SocketTimeoutException: Connect timed out
	at org.springframework.web.client.RestTemplate.doExecute(RestTemplate.java:746) ~[spring-web-5.2.10.RELEASE.jar:5.2.10.RELEASE]
	at org.springframework.cloud.sleuth.zipkin2.sender.ZipkinRestTemplateWrapper.doExecute(ZipkinRestTemplateSenderConfiguration.java:228) ~[spring-cloud-sleuth-zipkin-2.2.5.RELEASE.jar:2.2.5.RELEASE]
	at org.springframework.web.client.RestTemplate.exchange(RestTemplate.java:639) ~[spring-web-5.2.10.RELEASE.jar:5.2.10.RELEASE]
	at org.springframework.cloud.sleuth.zipkin2.sender.RestTemplateSender.post(RestTemplateSender.java:129) ~[spring-cloud-sleuth-zipkin-2.2.5.RELEASE.jar:2.2.5.RELEASE]
	at org.springframework.cloud.sleuth.zipkin2.sender.RestTemplateSender$HttpPostCall.doExecute(RestTemplateSender.java:147) ~[spring-cloud-sleuth-zipkin-2.2.5.RELEASE.jar:2.2.5.RELEASE]
	at org.springframework.cloud.sleuth.zipkin2.sender.RestTemplateSender$HttpPostCall.doExecute(RestTemplateSender.java:137) ~[spring-cloud-sleuth-zipkin-2.2.5.RELEASE.jar:2.2.5.RELEASE]
	at zipkin2.Call$Base.execute(Call.java:380) ~[zipkin-2.21.1.jar:na]
	at zipkin2.reporter.AsyncReporter$BoundedAsyncReporter.flush(AsyncReporter.java:299) ~[zipkin-reporter-2.15.0.jar:na]
	at zipkin2.reporter.AsyncReporter$Flusher.run(AsyncReporter.java:378) ~[zipkin-reporter-2.15.0.jar:na]
	at java.base/java.lang.Thread.run(Thread.java:830) ~[na:na]
Caused by: java.net.SocketTimeoutException: Connect timed out
	at java.base/sun.nio.ch.NioSocketImpl.timedFinishConnect(NioSocketImpl.java:546) ~[na:na]
	at java.base/sun.nio.ch.NioSocketImpl.connect(NioSocketImpl.java:597) ~[na:na]
	at java.base/java.net.Socket.connect(Socket.java:603) ~[na:na]
	at java.base/sun.net.NetworkClient.doConnect(NetworkClient.java:177) ~[na:na]
	at java.base/sun.net.www.http.HttpClient.openServer(HttpClient.java:474) ~[na:na]
	at java.base/sun.net.www.http.HttpClient.openServer(HttpClient.java:569) ~[na:na]
	at java.base/sun.net.www.http.HttpClient.<init>(HttpClient.java:242) ~[na:na]
	at java.base/sun.net.www.http.HttpClient.New(HttpClient.java:341) ~[na:na]
	at java.base/sun.net.www.http.HttpClient.New(HttpClient.java:362) ~[na:na]
	at java.base/sun.net.www.protocol.http.HttpURLConnection.getNewHttpClient(HttpURLConnection.java:1248) ~[na:na]
	at java.base/sun.net.www.protocol.http.HttpURLConnection.plainConnect0(HttpURLConnection.java:1187) ~[na:na]
	at java.base/sun.net.www.protocol.http.HttpURLConnection.plainConnect(HttpURLConnection.java:1081) ~[na:na]
	at java.base/sun.net.www.protocol.http.HttpURLConnection.connect(HttpURLConnection.java:1015) ~[na:na]
	at org.springframework.http.client.SimpleBufferingClientHttpRequest.executeInternal(SimpleBufferingClientHttpRequest.java:76) ~[spring-web-5.2.10.RELEASE.jar:5.2.10.RELEASE]
	at org.springframework.http.client.AbstractBufferingClientHttpRequest.executeInternal(AbstractBufferingClientHttpRequest.java:48) ~[spring-web-5.2.10.RELEASE.jar:5.2.10.RELEASE]
	at org.springframework.http.client.AbstractClientHttpRequest.execute(AbstractClientHttpRequest.java:53) ~[spring-web-5.2.10.RELEASE.jar:5.2.10.RELEASE]
	at org.springframework.web.client.RestTemplate.doExecute(RestTemplate.java:737) ~[spring-web-5.2.10.RELEASE.jar:5.2.10.RELEASE]
	... 9 common frames omitted

2020-11-20 11:52:14.483 DEBUG [users-ws,ad9dd43dcc785f53,40ce25ecefa4afec,true] 13944 --- [hystrix-albums-ws-1] c.a.p.a.users.data.AlbumsServiceClient   : [AlbumsServiceClient#getAlbums] ---> GET http://albums-ws/users/a3b6144a-b3e6-436f-b9d6-a2cb49e53aca/albums HTTP/1.1
2020-11-20 11:52:14.484 DEBUG [users-ws,ad9dd43dcc785f53,40ce25ecefa4afec,true] 13944 --- [hystrix-albums-ws-1] c.a.p.a.users.data.AlbumsServiceClient   : [AlbumsServiceClient#getAlbums] ---> END HTTP (0-byte body)
2020-11-20 11:52:14.777  INFO [users-ws,ad9dd43dcc785f53,40ce25ecefa4afec,true] 13944 --- [hystrix-albums-ws-1] c.netflix.config.ChainedDynamicProperty  : Flipping property: albums-ws.ribbon.ActiveConnectionsLimit to use NEXT property: niws.loadbalancer.availabilityFilteringRule.activeConnectionsLimit = 2147483647
2020-11-20 11:52:14.828  INFO [users-ws,ad9dd43dcc785f53,40ce25ecefa4afec,true] 13944 --- [hystrix-albums-ws-1] c.n.u.concurrent.ShutdownEnabledTimer    : Shutdown hook installed for: NFLoadBalancer-PingTimer-albums-ws
2020-11-20 11:52:14.828  INFO [users-ws,ad9dd43dcc785f53,40ce25ecefa4afec,true] 13944 --- [hystrix-albums-ws-1] c.netflix.loadbalancer.BaseLoadBalancer  : Client: albums-ws instantiated a LoadBalancer: DynamicServerListLoadBalancer:{NFLoadBalancer:name=albums-ws,current list of Servers=[],Load balancer stats=Zone stats: {},Server stats: []}ServerList:null
2020-11-20 11:52:14.840  INFO [users-ws,ad9dd43dcc785f53,40ce25ecefa4afec,true] 13944 --- [hystrix-albums-ws-1] c.n.l.DynamicServerListLoadBalancer      : Using serverListUpdater PollingServerListUpdater
2020-11-20 11:52:14.878  INFO [users-ws,ad9dd43dcc785f53,40ce25ecefa4afec,true] 13944 --- [hystrix-albums-ws-1] c.netflix.config.ChainedDynamicProperty  : Flipping property: albums-ws.ribbon.ActiveConnectionsLimit to use NEXT property: niws.loadbalancer.availabilityFilteringRule.activeConnectionsLimit = 2147483647
2020-11-20 11:52:14.881  INFO [users-ws,ad9dd43dcc785f53,40ce25ecefa4afec,true] 13944 --- [hystrix-albums-ws-1] c.n.l.DynamicServerListLoadBalancer      : DynamicServerListLoadBalancer for client albums-ws initialized: DynamicServerListLoadBalancer:{NFLoadBalancer:name=albums-ws,current list of Servers=[DESKTOP-4TRDETR.home:54086],Load balancer stats=Zone stats: {defaultzone=[Zone:defaultzone;	Instance count:1;	Active connections count: 0;	Circuit breaker tripped count: 0;	Active connections per server: 0.0;]
},Server stats: [[Server:DESKTOP-4TRDETR.home:54086;	Zone:defaultZone;	Total Requests:0;	Successive connection failure:0;	Total blackout seconds:0;	Last connection made:Thu Jan 01 01:00:00 CET 1970;	First connection made: Thu Jan 01 01:00:00 CET 1970;	Active Connections:0;	total failure count in last (1000) msecs:0;	average resp time:0.0;	90 percentile resp time:0.0;	95 percentile resp time:0.0;	min resp time:0.0;	max resp time:0.0;	stddev resp time:0.0]
]}ServerList:org.springframework.cloud.netflix.ribbon.eureka.DomainExtractingServerList@9e63783
2020-11-20 11:52:14.916  INFO [users-ws,ad9dd43dcc785f53,40ce25ecefa4afec,true] 13944 --- [hystrix-albums-ws-1] DeferredRepositoryInitializationListener : Triggering deferred initialization of Spring Data repositories…
2020-11-20 11:52:14.916  INFO [users-ws,ad9dd43dcc785f53,40ce25ecefa4afec,true] 13944 --- [hystrix-albums-ws-1] DeferredRepositoryInitializationListener : Spring Data repositories initialized!
2020-11-20 11:52:15.009 DEBUG [users-ws,ad9dd43dcc785f53,40ce25ecefa4afec,true] 13944 --- [hystrix-albums-ws-1] c.a.p.a.users.data.AlbumsServiceClient   : [AlbumsServiceClient#getAlbums] <--- HTTP/1.1 401 (524ms)
2020-11-20 11:52:15.009 DEBUG [users-ws,ad9dd43dcc785f53,40ce25ecefa4afec,true] 13944 --- [hystrix-albums-ws-1] c.a.p.a.users.data.AlbumsServiceClient   : [AlbumsServiceClient#getAlbums] cache-control: no-cache, no-store, max-age=0, must-revalidate
2020-11-20 11:52:15.009 DEBUG [users-ws,ad9dd43dcc785f53,40ce25ecefa4afec,true] 13944 --- [hystrix-albums-ws-1] c.a.p.a.users.data.AlbumsServiceClient   : [AlbumsServiceClient#getAlbums] connection: keep-alive
2020-11-20 11:52:15.010 DEBUG [users-ws,ad9dd43dcc785f53,40ce25ecefa4afec,true] 13944 --- [hystrix-albums-ws-1] c.a.p.a.users.data.AlbumsServiceClient   : [AlbumsServiceClient#getAlbums] content-type: application/json
2020-11-20 11:52:15.010 DEBUG [users-ws,ad9dd43dcc785f53,40ce25ecefa4afec,true] 13944 --- [hystrix-albums-ws-1] c.a.p.a.users.data.AlbumsServiceClient   : [AlbumsServiceClient#getAlbums] date: Fri, 20 Nov 2020 10:52:14 GMT
2020-11-20 11:52:15.010 DEBUG [users-ws,ad9dd43dcc785f53,40ce25ecefa4afec,true] 13944 --- [hystrix-albums-ws-1] c.a.p.a.users.data.AlbumsServiceClient   : [AlbumsServiceClient#getAlbums] expires: 0
2020-11-20 11:52:15.010 DEBUG [users-ws,ad9dd43dcc785f53,40ce25ecefa4afec,true] 13944 --- [hystrix-albums-ws-1] c.a.p.a.users.data.AlbumsServiceClient   : [AlbumsServiceClient#getAlbums] keep-alive: timeout=60
2020-11-20 11:52:15.010 DEBUG [users-ws,ad9dd43dcc785f53,40ce25ecefa4afec,true] 13944 --- [hystrix-albums-ws-1] c.a.p.a.users.data.AlbumsServiceClient   : [AlbumsServiceClient#getAlbums] pragma: no-cache
2020-11-20 11:52:15.010 DEBUG [users-ws,ad9dd43dcc785f53,40ce25ecefa4afec,true] 13944 --- [hystrix-albums-ws-1] c.a.p.a.users.data.AlbumsServiceClient   : [AlbumsServiceClient#getAlbums] set-cookie: JSESSIONID=F82D4E25316672E3BB6EA0CA6231310B; Path=/; HttpOnly
2020-11-20 11:52:15.010 DEBUG [users-ws,ad9dd43dcc785f53,40ce25ecefa4afec,true] 13944 --- [hystrix-albums-ws-1] c.a.p.a.users.data.AlbumsServiceClient   : [AlbumsServiceClient#getAlbums] transfer-encoding: chunked
2020-11-20 11:52:15.011 DEBUG [users-ws,ad9dd43dcc785f53,40ce25ecefa4afec,true] 13944 --- [hystrix-albums-ws-1] c.a.p.a.users.data.AlbumsServiceClient   : [AlbumsServiceClient#getAlbums] www-authenticate: Basic realm="Realm"
2020-11-20 11:52:15.011 DEBUG [users-ws,ad9dd43dcc785f53,40ce25ecefa4afec,true] 13944 --- [hystrix-albums-ws-1] c.a.p.a.users.data.AlbumsServiceClient   : [AlbumsServiceClient#getAlbums] x-content-type-options: nosniff
2020-11-20 11:52:15.011 DEBUG [users-ws,ad9dd43dcc785f53,40ce25ecefa4afec,true] 13944 --- [hystrix-albums-ws-1] c.a.p.a.users.data.AlbumsServiceClient   : [AlbumsServiceClient#getAlbums] x-frame-options: DENY
2020-11-20 11:52:15.011 DEBUG [users-ws,ad9dd43dcc785f53,40ce25ecefa4afec,true] 13944 --- [hystrix-albums-ws-1] c.a.p.a.users.data.AlbumsServiceClient   : [AlbumsServiceClient#getAlbums] x-xss-protection: 1; mode=block
2020-11-20 11:52:15.011 DEBUG [users-ws,ad9dd43dcc785f53,40ce25ecefa4afec,true] 13944 --- [hystrix-albums-ws-1] c.a.p.a.users.data.AlbumsServiceClient   : [AlbumsServiceClient#getAlbums] 
2020-11-20 11:52:15.012 DEBUG [users-ws,ad9dd43dcc785f53,40ce25ecefa4afec,true] 13944 --- [hystrix-albums-ws-1] c.a.p.a.users.data.AlbumsServiceClient   : [AlbumsServiceClient#getAlbums] {"timestamp":"2020-11-20T10:52:14.976+00:00","status":401,"error":"Unauthorized","message":"Unauthorized","path":"/users/a3b6144a-b3e6-436f-b9d6-a2cb49e53aca/albums"}
2020-11-20 11:52:15.012 DEBUG [users-ws,ad9dd43dcc785f53,40ce25ecefa4afec,true] 13944 --- [hystrix-albums-ws-1] c.a.p.a.users.data.AlbumsServiceClient   : [AlbumsServiceClient#getAlbums] <--- END HTTP (166-byte body)
2020-11-20 11:52:15.025 ERROR [users-ws,ad9dd43dcc785f53,40ce25ecefa4afec,true] 13944 --- [hystrix-albums-ws-1] c.a.p.a.u.d.AlbumsServiceClientFallback  : Other error took place: null
2020-11-20 11:52:15.030  INFO [users-ws,ad9dd43dcc785f53,ad9dd43dcc785f53,true] 13944 --- [http-nio-auto-1-exec-4] c.a.p.a.users.service.UsersServiceImpl   : Before calling albums Microservice
2020-11-20 11:52:15.030  INFO [users-ws,ad9dd43dcc785f53,ad9dd43dcc785f53,true] 13944 --- [http-nio-auto-1-exec-4] c.a.p.a.users.service.UsersServiceImpl   : After calling albums Microservice
2020-11-20 11:52:15.853  INFO [users-ws,,,] 13944 --- [PollingServerListUpdater-0] c.netflix.config.ChainedDynamicProperty  : Flipping property: albums-ws.ribbon.ActiveConnectionsLimit to use NEXT property: niws.loadbalancer.availabilityFilteringRule.activeConnectionsLimit = 2147483647
2020-11-20 11:52:17.117 DEBUG [users-ws,7deed898c8450d94,02e18fdb00cf5004,true] 13944 --- [hystrix-albums-ws-2] c.a.p.a.users.data.AlbumsServiceClient   : [AlbumsServiceClient#getAlbums] ---> GET http://albums-ws/users/a3b6144a-b3e6-436f-b9d6-a2cb49e53aca/albums HTTP/1.1
2020-11-20 11:52:17.118 DEBUG [users-ws,7deed898c8450d94,02e18fdb00cf5004,true] 13944 --- [hystrix-albums-ws-2] c.a.p.a.users.data.AlbumsServiceClient   : [AlbumsServiceClient#getAlbums] ---> END HTTP (0-byte body)
2020-11-20 11:52:17.130 DEBUG [users-ws,7deed898c8450d94,02e18fdb00cf5004,true] 13944 --- [hystrix-albums-ws-2] c.a.p.a.users.data.AlbumsServiceClient   : [AlbumsServiceClient#getAlbums] <--- HTTP/1.1 401 (11ms)
2020-11-20 11:52:17.130 DEBUG [users-ws,7deed898c8450d94,02e18fdb00cf5004,true] 13944 --- [hystrix-albums-ws-2] c.a.p.a.users.data.AlbumsServiceClient   : [AlbumsServiceClient#getAlbums] cache-control: no-cache, no-store, max-age=0, must-revalidate
2020-11-20 11:52:17.131 DEBUG [users-ws,7deed898c8450d94,02e18fdb00cf5004,true] 13944 --- [hystrix-albums-ws-2] c.a.p.a.users.data.AlbumsServiceClient   : [AlbumsServiceClient#getAlbums] connection: keep-alive
2020-11-20 11:52:17.131 DEBUG [users-ws,7deed898c8450d94,02e18fdb00cf5004,true] 13944 --- [hystrix-albums-ws-2] c.a.p.a.users.data.AlbumsServiceClient   : [AlbumsServiceClient#getAlbums] content-type: application/json
2020-11-20 11:52:17.132 DEBUG [users-ws,7deed898c8450d94,02e18fdb00cf5004,true] 13944 --- [hystrix-albums-ws-2] c.a.p.a.users.data.AlbumsServiceClient   : [AlbumsServiceClient#getAlbums] date: Fri, 20 Nov 2020 10:52:17 GMT
2020-11-20 11:52:17.132 DEBUG [users-ws,7deed898c8450d94,02e18fdb00cf5004,true] 13944 --- [hystrix-albums-ws-2] c.a.p.a.users.data.AlbumsServiceClient   : [AlbumsServiceClient#getAlbums] expires: 0
2020-11-20 11:52:17.132 DEBUG [users-ws,7deed898c8450d94,02e18fdb00cf5004,true] 13944 --- [hystrix-albums-ws-2] c.a.p.a.users.data.AlbumsServiceClient   : [AlbumsServiceClient#getAlbums] keep-alive: timeout=60
2020-11-20 11:52:17.133 DEBUG [users-ws,7deed898c8450d94,02e18fdb00cf5004,true] 13944 --- [hystrix-albums-ws-2] c.a.p.a.users.data.AlbumsServiceClient   : [AlbumsServiceClient#getAlbums] pragma: no-cache
2020-11-20 11:52:17.133 DEBUG [users-ws,7deed898c8450d94,02e18fdb00cf5004,true] 13944 --- [hystrix-albums-ws-2] c.a.p.a.users.data.AlbumsServiceClient   : [AlbumsServiceClient#getAlbums] set-cookie: JSESSIONID=DD924697A891093943FB88A3DB2C2ACB; Path=/; HttpOnly
2020-11-20 11:52:17.133 DEBUG [users-ws,7deed898c8450d94,02e18fdb00cf5004,true] 13944 --- [hystrix-albums-ws-2] c.a.p.a.users.data.AlbumsServiceClient   : [AlbumsServiceClient#getAlbums] transfer-encoding: chunked
2020-11-20 11:52:17.133 DEBUG [users-ws,7deed898c8450d94,02e18fdb00cf5004,true] 13944 --- [hystrix-albums-ws-2] c.a.p.a.users.data.AlbumsServiceClient   : [AlbumsServiceClient#getAlbums] www-authenticate: Basic realm="Realm"
2020-11-20 11:52:17.133 DEBUG [users-ws,7deed898c8450d94,02e18fdb00cf5004,true] 13944 --- [hystrix-albums-ws-2] c.a.p.a.users.data.AlbumsServiceClient   : [AlbumsServiceClient#getAlbums] x-content-type-options: nosniff
2020-11-20 11:52:17.135 DEBUG [users-ws,7deed898c8450d94,02e18fdb00cf5004,true] 13944 --- [hystrix-albums-ws-2] c.a.p.a.users.data.AlbumsServiceClient   : [AlbumsServiceClient#getAlbums] x-frame-options: DENY
2020-11-20 11:52:17.135 DEBUG [users-ws,7deed898c8450d94,02e18fdb00cf5004,true] 13944 --- [hystrix-albums-ws-2] c.a.p.a.users.data.AlbumsServiceClient   : [AlbumsServiceClient#getAlbums] x-xss-protection: 1; mode=block
2020-11-20 11:52:17.135 DEBUG [users-ws,7deed898c8450d94,02e18fdb00cf5004,true] 13944 --- [hystrix-albums-ws-2] c.a.p.a.users.data.AlbumsServiceClient   : [AlbumsServiceClient#getAlbums] 
2020-11-20 11:52:17.135 DEBUG [users-ws,7deed898c8450d94,02e18fdb00cf5004,true] 13944 --- [hystrix-albums-ws-2] c.a.p.a.users.data.AlbumsServiceClient   : [AlbumsServiceClient#getAlbums] {"timestamp":"2020-11-20T10:52:17.127+00:00","status":401,"error":"Unauthorized","message":"Unauthorized","path":"/users/a3b6144a-b3e6-436f-b9d6-a2cb49e53aca/albums"}
2020-11-20 11:52:17.135 DEBUG [users-ws,7deed898c8450d94,02e18fdb00cf5004,true] 13944 --- [hystrix-albums-ws-2] c.a.p.a.users.data.AlbumsServiceClient   : [AlbumsServiceClient#getAlbums] <--- END HTTP (166-byte body)
2020-11-20 11:52:17.139 ERROR [users-ws,7deed898c8450d94,02e18fdb00cf5004,true] 13944 --- [hystrix-albums-ws-2] c.a.p.a.u.d.AlbumsServiceClientFallback  : Other error took place: null
2020-11-20 11:52:17.139  INFO [users-ws,7deed898c8450d94,7deed898c8450d94,true] 13944 --- [http-nio-auto-1-exec-5] c.a.p.a.users.service.UsersServiceImpl   : Before calling albums Microservice
2020-11-20 11:52:17.140  INFO [users-ws,7deed898c8450d94,7deed898c8450d94,true] 13944 --- [http-nio-auto-1-exec-5] c.a.p.a.users.service.UsersServiceImpl   : After calling albums Microservice
2020-11-20 11:52:18.032 DEBUG [users-ws,cbb265dac5904103,e0c1007de9b28a85,true] 13944 --- [hystrix-albums-ws-3] c.a.p.a.users.data.AlbumsServiceClient   : [AlbumsServiceClient#getAlbums] ---> GET http://albums-ws/users/a3b6144a-b3e6-436f-b9d6-a2cb49e53aca/albums HTTP/1.1
2020-11-20 11:52:18.033 DEBUG [users-ws,cbb265dac5904103,e0c1007de9b28a85,true] 13944 --- [hystrix-albums-ws-3] c.a.p.a.users.data.AlbumsServiceClient   : [AlbumsServiceClient#getAlbums] ---> END HTTP (0-byte body)
2020-11-20 11:52:18.041 DEBUG [users-ws,cbb265dac5904103,e0c1007de9b28a85,true] 13944 --- [hystrix-albums-ws-3] c.a.p.a.users.data.AlbumsServiceClient   : [AlbumsServiceClient#getAlbums] <--- HTTP/1.1 401 (7ms)
2020-11-20 11:52:18.041 DEBUG [users-ws,cbb265dac5904103,e0c1007de9b28a85,true] 13944 --- [hystrix-albums-ws-3] c.a.p.a.users.data.AlbumsServiceClient   : [AlbumsServiceClient#getAlbums] cache-control: no-cache, no-store, max-age=0, must-revalidate
2020-11-20 11:52:18.041 DEBUG [users-ws,cbb265dac5904103,e0c1007de9b28a85,true] 13944 --- [hystrix-albums-ws-3] c.a.p.a.users.data.AlbumsServiceClient   : [AlbumsServiceClient#getAlbums] connection: keep-alive
2020-11-20 11:52:18.041 DEBUG [users-ws,cbb265dac5904103,e0c1007de9b28a85,true] 13944 --- [hystrix-albums-ws-3] c.a.p.a.users.data.AlbumsServiceClient   : [AlbumsServiceClient#getAlbums] content-type: application/json
2020-11-20 11:52:18.041 DEBUG [users-ws,cbb265dac5904103,e0c1007de9b28a85,true] 13944 --- [hystrix-albums-ws-3] c.a.p.a.users.data.AlbumsServiceClient   : [AlbumsServiceClient#getAlbums] date: Fri, 20 Nov 2020 10:52:17 GMT
2020-11-20 11:52:18.041 DEBUG [users-ws,cbb265dac5904103,e0c1007de9b28a85,true] 13944 --- [hystrix-albums-ws-3] c.a.p.a.users.data.AlbumsServiceClient   : [AlbumsServiceClient#getAlbums] expires: 0
2020-11-20 11:52:18.041 DEBUG [users-ws,cbb265dac5904103,e0c1007de9b28a85,true] 13944 --- [hystrix-albums-ws-3] c.a.p.a.users.data.AlbumsServiceClient   : [AlbumsServiceClient#getAlbums] keep-alive: timeout=60
2020-11-20 11:52:18.041 DEBUG [users-ws,cbb265dac5904103,e0c1007de9b28a85,true] 13944 --- [hystrix-albums-ws-3] c.a.p.a.users.data.AlbumsServiceClient   : [AlbumsServiceClient#getAlbums] pragma: no-cache
2020-11-20 11:52:18.042 DEBUG [users-ws,cbb265dac5904103,e0c1007de9b28a85,true] 13944 --- [hystrix-albums-ws-3] c.a.p.a.users.data.AlbumsServiceClient   : [AlbumsServiceClient#getAlbums] set-cookie: JSESSIONID=7AEB04927EA75F61904D1C196753AEC2; Path=/; HttpOnly
2020-11-20 11:52:18.042 DEBUG [users-ws,cbb265dac5904103,e0c1007de9b28a85,true] 13944 --- [hystrix-albums-ws-3] c.a.p.a.users.data.AlbumsServiceClient   : [AlbumsServiceClient#getAlbums] transfer-encoding: chunked
2020-11-20 11:52:18.042 DEBUG [users-ws,cbb265dac5904103,e0c1007de9b28a85,true] 13944 --- [hystrix-albums-ws-3] c.a.p.a.users.data.AlbumsServiceClient   : [AlbumsServiceClient#getAlbums] www-authenticate: Basic realm="Realm"
2020-11-20 11:52:18.042 DEBUG [users-ws,cbb265dac5904103,e0c1007de9b28a85,true] 13944 --- [hystrix-albums-ws-3] c.a.p.a.users.data.AlbumsServiceClient   : [AlbumsServiceClient#getAlbums] x-content-type-options: nosniff
2020-11-20 11:52:18.042 DEBUG [users-ws,cbb265dac5904103,e0c1007de9b28a85,true] 13944 --- [hystrix-albums-ws-3] c.a.p.a.users.data.AlbumsServiceClient   : [AlbumsServiceClient#getAlbums] x-frame-options: DENY
2020-11-20 11:52:18.042 DEBUG [users-ws,cbb265dac5904103,e0c1007de9b28a85,true] 13944 --- [hystrix-albums-ws-3] c.a.p.a.users.data.AlbumsServiceClient   : [AlbumsServiceClient#getAlbums] x-xss-protection: 1; mode=block
2020-11-20 11:52:18.042 DEBUG [users-ws,cbb265dac5904103,e0c1007de9b28a85,true] 13944 --- [hystrix-albums-ws-3] c.a.p.a.users.data.AlbumsServiceClient   : [AlbumsServiceClient#getAlbums] 
2020-11-20 11:52:18.042 DEBUG [users-ws,cbb265dac5904103,e0c1007de9b28a85,true] 13944 --- [hystrix-albums-ws-3] c.a.p.a.users.data.AlbumsServiceClient   : [AlbumsServiceClient#getAlbums] {"timestamp":"2020-11-20T10:52:18.038+00:00","status":401,"error":"Unauthorized","message":"Unauthorized","path":"/users/a3b6144a-b3e6-436f-b9d6-a2cb49e53aca/albums"}
2020-11-20 11:52:18.042 DEBUG [users-ws,cbb265dac5904103,e0c1007de9b28a85,true] 13944 --- [hystrix-albums-ws-3] c.a.p.a.users.data.AlbumsServiceClient   : [AlbumsServiceClient#getAlbums] <--- END HTTP (166-byte body)
2020-11-20 11:52:18.044 ERROR [users-ws,cbb265dac5904103,e0c1007de9b28a85,true] 13944 --- [hystrix-albums-ws-3] c.a.p.a.u.d.AlbumsServiceClientFallback  : Other error took place: null
2020-11-20 11:52:18.045  INFO [users-ws,cbb265dac5904103,cbb265dac5904103,true] 13944 --- [http-nio-auto-1-exec-6] c.a.p.a.users.service.UsersServiceImpl   : Before calling albums Microservice
2020-11-20 11:52:18.045  INFO [users-ws,cbb265dac5904103,cbb265dac5904103,true] 13944 --- [http-nio-auto-1-exec-6] c.a.p.a.users.service.UsersServiceImpl   : After calling albums Microservice
2020-11-20 11:52:18.918 DEBUG [users-ws,1b1de304fdc9f7b7,e8d920a80bb99c29,true] 13944 --- [hystrix-albums-ws-4] c.a.p.a.users.data.AlbumsServiceClient   : [AlbumsServiceClient#getAlbums] ---> GET http://albums-ws/users/a3b6144a-b3e6-436f-b9d6-a2cb49e53aca/albums HTTP/1.1
2020-11-20 11:52:18.919 DEBUG [users-ws,1b1de304fdc9f7b7,e8d920a80bb99c29,true] 13944 --- [hystrix-albums-ws-4] c.a.p.a.users.data.AlbumsServiceClient   : [AlbumsServiceClient#getAlbums] ---> END HTTP (0-byte body)
2020-11-20 11:52:18.925 DEBUG [users-ws,1b1de304fdc9f7b7,e8d920a80bb99c29,true] 13944 --- [hystrix-albums-ws-4] c.a.p.a.users.data.AlbumsServiceClient   : [AlbumsServiceClient#getAlbums] <--- HTTP/1.1 401 (6ms)
2020-11-20 11:52:18.926 DEBUG [users-ws,1b1de304fdc9f7b7,e8d920a80bb99c29,true] 13944 --- [hystrix-albums-ws-4] c.a.p.a.users.data.AlbumsServiceClient   : [AlbumsServiceClient#getAlbums] cache-control: no-cache, no-store, max-age=0, must-revalidate
2020-11-20 11:52:18.926 DEBUG [users-ws,1b1de304fdc9f7b7,e8d920a80bb99c29,true] 13944 --- [hystrix-albums-ws-4] c.a.p.a.users.data.AlbumsServiceClient   : [AlbumsServiceClient#getAlbums] connection: keep-alive
2020-11-20 11:52:18.926 DEBUG [users-ws,1b1de304fdc9f7b7,e8d920a80bb99c29,true] 13944 --- [hystrix-albums-ws-4] c.a.p.a.users.data.AlbumsServiceClient   : [AlbumsServiceClient#getAlbums] content-type: application/json
2020-11-20 11:52:18.926 DEBUG [users-ws,1b1de304fdc9f7b7,e8d920a80bb99c29,true] 13944 --- [hystrix-albums-ws-4] c.a.p.a.users.data.AlbumsServiceClient   : [AlbumsServiceClient#getAlbums] date: Fri, 20 Nov 2020 10:52:18 GMT
2020-11-20 11:52:18.926 DEBUG [users-ws,1b1de304fdc9f7b7,e8d920a80bb99c29,true] 13944 --- [hystrix-albums-ws-4] c.a.p.a.users.data.AlbumsServiceClient   : [AlbumsServiceClient#getAlbums] expires: 0
2020-11-20 11:52:18.926 DEBUG [users-ws,1b1de304fdc9f7b7,e8d920a80bb99c29,true] 13944 --- [hystrix-albums-ws-4] c.a.p.a.users.data.AlbumsServiceClient   : [AlbumsServiceClient#getAlbums] keep-alive: timeout=60
2020-11-20 11:52:18.926 DEBUG [users-ws,1b1de304fdc9f7b7,e8d920a80bb99c29,true] 13944 --- [hystrix-albums-ws-4] c.a.p.a.users.data.AlbumsServiceClient   : [AlbumsServiceClient#getAlbums] pragma: no-cache
2020-11-20 11:52:18.926 DEBUG [users-ws,1b1de304fdc9f7b7,e8d920a80bb99c29,true] 13944 --- [hystrix-albums-ws-4] c.a.p.a.users.data.AlbumsServiceClient   : [AlbumsServiceClient#getAlbums] set-cookie: JSESSIONID=5EB03F2FC1D876688BB9D4A4CF319141; Path=/; HttpOnly
2020-11-20 11:52:18.926 DEBUG [users-ws,1b1de304fdc9f7b7,e8d920a80bb99c29,true] 13944 --- [hystrix-albums-ws-4] c.a.p.a.users.data.AlbumsServiceClient   : [AlbumsServiceClient#getAlbums] transfer-encoding: chunked
2020-11-20 11:52:18.927 DEBUG [users-ws,1b1de304fdc9f7b7,e8d920a80bb99c29,true] 13944 --- [hystrix-albums-ws-4] c.a.p.a.users.data.AlbumsServiceClient   : [AlbumsServiceClient#getAlbums] www-authenticate: Basic realm="Realm"
2020-11-20 11:52:18.927 DEBUG [users-ws,1b1de304fdc9f7b7,e8d920a80bb99c29,true] 13944 --- [hystrix-albums-ws-4] c.a.p.a.users.data.AlbumsServiceClient   : [AlbumsServiceClient#getAlbums] x-content-type-options: nosniff
2020-11-20 11:52:18.927 DEBUG [users-ws,1b1de304fdc9f7b7,e8d920a80bb99c29,true] 13944 --- [hystrix-albums-ws-4] c.a.p.a.users.data.AlbumsServiceClient   : [AlbumsServiceClient#getAlbums] x-frame-options: DENY
2020-11-20 11:52:18.927 DEBUG [users-ws,1b1de304fdc9f7b7,e8d920a80bb99c29,true] 13944 --- [hystrix-albums-ws-4] c.a.p.a.users.data.AlbumsServiceClient   : [AlbumsServiceClient#getAlbums] x-xss-protection: 1; mode=block
2020-11-20 11:52:18.927 DEBUG [users-ws,1b1de304fdc9f7b7,e8d920a80bb99c29,true] 13944 --- [hystrix-albums-ws-4] c.a.p.a.users.data.AlbumsServiceClient   : [AlbumsServiceClient#getAlbums] 
2020-11-20 11:52:18.927 DEBUG [users-ws,1b1de304fdc9f7b7,e8d920a80bb99c29,true] 13944 --- [hystrix-albums-ws-4] c.a.p.a.users.data.AlbumsServiceClient   : [AlbumsServiceClient#getAlbums] {"timestamp":"2020-11-20T10:52:18.923+00:00","status":401,"error":"Unauthorized","message":"Unauthorized","path":"/users/a3b6144a-b3e6-436f-b9d6-a2cb49e53aca/albums"}
2020-11-20 11:52:18.927 DEBUG [users-ws,1b1de304fdc9f7b7,e8d920a80bb99c29,true] 13944 --- [hystrix-albums-ws-4] c.a.p.a.users.data.AlbumsServiceClient   : [AlbumsServiceClient#getAlbums] <--- END HTTP (166-byte body)
2020-11-20 11:52:18.929 ERROR [users-ws,1b1de304fdc9f7b7,e8d920a80bb99c29,true] 13944 --- [hystrix-albums-ws-4] c.a.p.a.u.d.AlbumsServiceClientFallback  : Other error took place: null
2020-11-20 11:52:18.929  INFO [users-ws,1b1de304fdc9f7b7,1b1de304fdc9f7b7,true] 13944 --- [http-nio-auto-1-exec-7] c.a.p.a.users.service.UsersServiceImpl   : Before calling albums Microservice
2020-11-20 11:52:18.930  INFO [users-ws,1b1de304fdc9f7b7,1b1de304fdc9f7b7,true] 13944 --- [http-nio-auto-1-exec-7] c.a.p.a.users.service.UsersServiceImpl   : After calling albums Microservice
